<?xml version="1.0" encoding="UTF-8"?>
<!-- Generated by org.testng.reporters.JUnitReportReporter -->
<testsuite skipped="0" hostname="LAPTOP-LLU7MFPS" name="runner.ActitimeRunner" tests="1" failures="0" timestamp="02 Sep 2020 20:51:54 GMT" time="20.396" errors="0">
  <testcase name="runScenario" time="20.396" classname="runner.ActitimeRunner"/>
</testsuite> <!-- runner.ActitimeRunner -->
