<?xml version="1.0" encoding="UTF-8"?>
<!-- Generated by org.testng.reporters.JUnitReportReporter -->
<testsuite skipped="0" hostname="LAPTOP-LLU7MFPS" name="baseScript.BaseScript" tests="1" failures="0" timestamp="19 Aug 2020 19:55:28 GMT" time="10.187" errors="0">
  <testcase name="initApp" time="10.187" classname="baseScript.BaseScript"/>
</testsuite> <!-- baseScript.BaseScript -->
